<?xml version="1.0" encoding="UTF-8"?>
<!-- Generated by org.testng.reporters.JUnitReportReporter -->
<testsuite skipped="0" hostname="DESKTOP-OCD6DQJ" name="TestCases.LoginPageTest" tests="3" failures="0" timestamp="25 Apr 2018 13:46:08 GMT" time="118.708" errors="0">
  <testcase name="loginPageTitleTest" time="37.274" classname="TestCases.LoginPageTest"/>
  <testcase name="crmLogoImageTest" time="38.433" classname="TestCases.LoginPageTest"/>
  <testcase name="loginTest" time="43.001" classname="TestCases.LoginPageTest"/>
</testsuite> <!-- TestCases.LoginPageTest -->
